<?xml version="1.0" encoding="UTF-8"?>
<!-- Generated by org.testng.reporters.JUnitReportReporter -->
<testsuite hostname="Vinay" failures="0" tests="2" name="test.Suites" time="154.793" errors="0" timestamp="2021-06-20T08:48:00 IST" skipped="0">
  <testcase classname="test.Suites" name="getNameAndOriginalAnddiscountedPrice" time="76.593"/>
  <system-out/>
  <testcase classname="test.Suites" name="getMaxValueOfProductWithName" time="78.200"/>
  <system-out/>
</testsuite> <!-- test.Suites -->
